<?xml version="1.0" encoding="UTF-8"?>
<testng-results skipped="1" failed="0" ignored="0" total="1" passed="0">
  <reporter-output>
  </reporter-output>
  <suite name="Presta shop smoke test" duration-ms="2627" started-at="2019-09-29T19:47:44Z" finished-at="2019-09-29T19:47:47Z">
    <groups>
    </groups>
    <test name="Smoke tests" duration-ms="2627" started-at="2019-09-29T19:47:44Z" finished-at="2019-09-29T19:47:47Z">
      <class name="com.app.tests.GitLinks">
        <test-method status="FAIL" signature="setUp()[pri:0, instance:com.app.tests.GitLinks@4501b7af]" name="setUp" is-config="true" duration-ms="2594" started-at="2019-09-29T19:47:44Z" finished-at="2019-09-29T19:47:46Z">
          <exception class="org.openqa.selenium.SessionNotCreatedException">
            <message>
              <![CDATA[session not created: This version of ChromeDriver only supports Chrome version 78
Build info: version: '3.14.0', revision: 'aacccce0', time: '2018-08-02T20:19:58.91Z'
System info: host: 'LAPTOP-TO6QKPPT', ip: '192.168.1.4', os.name: 'Windows 10', os.arch: 'amd64', os.version: '10.0', java.version: '1.8.0_202'
Driver info: driver.version: Driver
remote stacktrace: Backtrace:
Ordinal0 [0x00FEAA43+1550915]
Ordinal0 [0x00F6A901+1026305]
Ordinal0 [0x00EEC915+510229]
Ordinal0 [0x00E7FC68+64616]
Ordinal0 [0x00E7C594+50580]
Ordinal0 [0x00E9ACE7+175335]
Ordinal0 [0x00E9A8ED+174317]
Ordinal0 [0x00E98CDB+167131]
Ordinal0 [0x00E8144A+70730]
Ordinal0 [0x00E824D0+74960]
Ordinal0 [0x00E82469+74857]
Ordinal0 [0x00F844C7+1131719]
GetHandleVerifier [0x0108722D+523773]
GetHandleVerifier [0x01086FC0+523152]
GetHandleVerifier [0x0108E317+552679]
GetHandleVerifier [0x01087A2A+525818]
Ordinal0 [0x00F7B9FC+1096188]
Ordinal0 [0x00F8653B+1140027]
Ordinal0 [0x00F866A3+1140387]
Ordinal0 [0x00F85625+1136165]
BaseThreadInitThunk [0x76436359+25]
RtlGetAppContainerNamedObjectPath [0x77A17B74+228]
RtlGetAppContainerNamedObjectPath [0x77A17B44+180]
]]>
            </message>
            <full-stacktrace>
              <![CDATA[org.openqa.selenium.SessionNotCreatedException: session not created: This version of ChromeDriver only supports Chrome version 78
Build info: version: '3.14.0', revision: 'aacccce0', time: '2018-08-02T20:19:58.91Z'
System info: host: 'LAPTOP-TO6QKPPT', ip: '192.168.1.4', os.name: 'Windows 10', os.arch: 'amd64', os.version: '10.0', java.version: '1.8.0_202'
Driver info: driver.version: Driver
remote stacktrace: Backtrace:
Ordinal0 [0x00FEAA43+1550915]
Ordinal0 [0x00F6A901+1026305]
Ordinal0 [0x00EEC915+510229]
Ordinal0 [0x00E7FC68+64616]
Ordinal0 [0x00E7C594+50580]
Ordinal0 [0x00E9ACE7+175335]
Ordinal0 [0x00E9A8ED+174317]
Ordinal0 [0x00E98CDB+167131]
Ordinal0 [0x00E8144A+70730]
Ordinal0 [0x00E824D0+74960]
Ordinal0 [0x00E82469+74857]
Ordinal0 [0x00F844C7+1131719]
GetHandleVerifier [0x0108722D+523773]
GetHandleVerifier [0x01086FC0+523152]
GetHandleVerifier [0x0108E317+552679]
GetHandleVerifier [0x01087A2A+525818]
Ordinal0 [0x00F7B9FC+1096188]
Ordinal0 [0x00F8653B+1140027]
Ordinal0 [0x00F866A3+1140387]
Ordinal0 [0x00F85625+1136165]
BaseThreadInitThunk [0x76436359+25]
RtlGetAppContainerNamedObjectPath [0x77A17B74+228]
RtlGetAppContainerNamedObjectPath [0x77A17B44+180]

at sun.reflect.NativeConstructorAccessorImpl.newInstance0(Native Method)
at sun.reflect.NativeConstructorAccessorImpl.newInstance(NativeConstructorAccessorImpl.java:62)
at sun.reflect.DelegatingConstructorAccessorImpl.newInstance(DelegatingConstructorAccessorImpl.java:45)
at java.lang.reflect.Constructor.newInstance(Constructor.java:423)
at org.openqa.selenium.remote.W3CHandshakeResponse.lambda$new$0(W3CHandshakeResponse.java:57)
at org.openqa.selenium.remote.W3CHandshakeResponse.lambda$getResponseFunction$2(W3CHandshakeResponse.java:104)
at org.openqa.selenium.remote.ProtocolHandshake.lambda$createSession$0(ProtocolHandshake.java:122)
at java.util.stream.ReferencePipeline$3$1.accept(ReferencePipeline.java:193)
at java.util.Spliterators$ArraySpliterator.tryAdvance(Spliterators.java:958)
at java.util.stream.ReferencePipeline.forEachWithCancel(ReferencePipeline.java:126)
at java.util.stream.AbstractPipeline.copyIntoWithCancel(AbstractPipeline.java:498)
at java.util.stream.AbstractPipeline.copyInto(AbstractPipeline.java:485)
at java.util.stream.AbstractPipeline.wrapAndCopyInto(AbstractPipeline.java:471)
at java.util.stream.FindOps$FindOp.evaluateSequential(FindOps.java:152)
at java.util.stream.AbstractPipeline.evaluate(AbstractPipeline.java:234)
at java.util.stream.ReferencePipeline.findFirst(ReferencePipeline.java:464)
at org.openqa.selenium.remote.ProtocolHandshake.createSession(ProtocolHandshake.java:125)
at org.openqa.selenium.remote.ProtocolHandshake.createSession(ProtocolHandshake.java:73)
at org.openqa.selenium.remote.HttpCommandExecutor.execute(HttpCommandExecutor.java:136)
at org.openqa.selenium.remote.service.DriverCommandExecutor.execute(DriverCommandExecutor.java:83)
at org.openqa.selenium.remote.RemoteWebDriver.execute(RemoteWebDriver.java:548)
at org.openqa.selenium.remote.RemoteWebDriver.startSession(RemoteWebDriver.java:212)
at org.openqa.selenium.remote.RemoteWebDriver.<init>(RemoteWebDriver.java:130)
at org.openqa.selenium.chrome.ChromeDriver.<init>(ChromeDriver.java:181)
at org.openqa.selenium.chrome.ChromeDriver.<init>(ChromeDriver.java:168)
at org.openqa.selenium.chrome.ChromeDriver.<init>(ChromeDriver.java:123)
at com.app.utilities.Driver.getDriver(Driver.java:21)
at com.app.utilities.TestBase.setUp(TestBase.java:16)
at sun.reflect.NativeMethodAccessorImpl.invoke0(Native Method)
at sun.reflect.NativeMethodAccessorImpl.invoke(NativeMethodAccessorImpl.java:62)
at sun.reflect.DelegatingMethodAccessorImpl.invoke(DelegatingMethodAccessorImpl.java:43)
at java.lang.reflect.Method.invoke(Method.java:498)
at org.testng.internal.MethodInvocationHelper.invokeMethod(MethodInvocationHelper.java:124)
at org.testng.internal.MethodInvocationHelper.invokeMethodConsideringTimeout(MethodInvocationHelper.java:59)
at org.testng.internal.Invoker.invokeConfigurationMethod(Invoker.java:455)
at org.testng.internal.Invoker.invokeConfigurations(Invoker.java:222)
at org.testng.internal.Invoker.invokeConfigurations(Invoker.java:142)
at org.testng.internal.TestMethodWorker.invokeBeforeClassMethods(TestMethodWorker.java:168)
at org.testng.internal.TestMethodWorker.run(TestMethodWorker.java:105)
at org.testng.TestRunner.privateRun(TestRunner.java:648)
at org.testng.TestRunner.run(TestRunner.java:505)
at org.testng.SuiteRunner.runTest(SuiteRunner.java:455)
at org.testng.SuiteRunner.runSequentially(SuiteRunner.java:450)
at org.testng.SuiteRunner.privateRun(SuiteRunner.java:415)
at org.testng.SuiteRunner.run(SuiteRunner.java:364)
at org.testng.SuiteRunnerWorker.runSuite(SuiteRunnerWorker.java:52)
at org.testng.SuiteRunnerWorker.run(SuiteRunnerWorker.java:84)
at org.testng.TestNG.runSuitesSequentially(TestNG.java:1208)
at org.testng.TestNG.runSuitesLocally(TestNG.java:1137)
at org.testng.TestNG.runSuites(TestNG.java:1049)
at org.testng.TestNG.run(TestNG.java:1017)
at org.testng.remote.AbstractRemoteTestNG.run(AbstractRemoteTestNG.java:115)
at org.testng.remote.RemoteTestNG.initAndRun(RemoteTestNG.java:251)
at org.testng.remote.RemoteTestNG.main(RemoteTestNG.java:77)
]]>
            </full-stacktrace>
          </exception> <!-- org.openqa.selenium.SessionNotCreatedException -->
          <reporter-output>
          </reporter-output>
        </test-method> <!-- setUp -->
        <test-method status="SKIP" signature="test()[pri:0, instance:com.app.tests.GitLinks@4501b7af]" name="test" duration-ms="0" started-at="2019-09-29T19:47:47Z" finished-at="2019-09-29T19:47:47Z">
          <exception class="org.openqa.selenium.SessionNotCreatedException">
            <message>
              <![CDATA[session not created: This version of ChromeDriver only supports Chrome version 78
Build info: version: '3.14.0', revision: 'aacccce0', time: '2018-08-02T20:19:58.91Z'
System info: host: 'LAPTOP-TO6QKPPT', ip: '192.168.1.4', os.name: 'Windows 10', os.arch: 'amd64', os.version: '10.0', java.version: '1.8.0_202'
Driver info: driver.version: Driver
remote stacktrace: Backtrace:
Ordinal0 [0x00FEAA43+1550915]
Ordinal0 [0x00F6A901+1026305]
Ordinal0 [0x00EEC915+510229]
Ordinal0 [0x00E7FC68+64616]
Ordinal0 [0x00E7C594+50580]
Ordinal0 [0x00E9ACE7+175335]
Ordinal0 [0x00E9A8ED+174317]
Ordinal0 [0x00E98CDB+167131]
Ordinal0 [0x00E8144A+70730]
Ordinal0 [0x00E824D0+74960]
Ordinal0 [0x00E82469+74857]
Ordinal0 [0x00F844C7+1131719]
GetHandleVerifier [0x0108722D+523773]
GetHandleVerifier [0x01086FC0+523152]
GetHandleVerifier [0x0108E317+552679]
GetHandleVerifier [0x01087A2A+525818]
Ordinal0 [0x00F7B9FC+1096188]
Ordinal0 [0x00F8653B+1140027]
Ordinal0 [0x00F866A3+1140387]
Ordinal0 [0x00F85625+1136165]
BaseThreadInitThunk [0x76436359+25]
RtlGetAppContainerNamedObjectPath [0x77A17B74+228]
RtlGetAppContainerNamedObjectPath [0x77A17B44+180]
]]>
            </message>
            <full-stacktrace>
              <![CDATA[org.openqa.selenium.SessionNotCreatedException: session not created: This version of ChromeDriver only supports Chrome version 78
Build info: version: '3.14.0', revision: 'aacccce0', time: '2018-08-02T20:19:58.91Z'
System info: host: 'LAPTOP-TO6QKPPT', ip: '192.168.1.4', os.name: 'Windows 10', os.arch: 'amd64', os.version: '10.0', java.version: '1.8.0_202'
Driver info: driver.version: Driver
remote stacktrace: Backtrace:
Ordinal0 [0x00FEAA43+1550915]
Ordinal0 [0x00F6A901+1026305]
Ordinal0 [0x00EEC915+510229]
Ordinal0 [0x00E7FC68+64616]
Ordinal0 [0x00E7C594+50580]
Ordinal0 [0x00E9ACE7+175335]
Ordinal0 [0x00E9A8ED+174317]
Ordinal0 [0x00E98CDB+167131]
Ordinal0 [0x00E8144A+70730]
Ordinal0 [0x00E824D0+74960]
Ordinal0 [0x00E82469+74857]
Ordinal0 [0x00F844C7+1131719]
GetHandleVerifier [0x0108722D+523773]
GetHandleVerifier [0x01086FC0+523152]
GetHandleVerifier [0x0108E317+552679]
GetHandleVerifier [0x01087A2A+525818]
Ordinal0 [0x00F7B9FC+1096188]
Ordinal0 [0x00F8653B+1140027]
Ordinal0 [0x00F866A3+1140387]
Ordinal0 [0x00F85625+1136165]
BaseThreadInitThunk [0x76436359+25]
RtlGetAppContainerNamedObjectPath [0x77A17B74+228]
RtlGetAppContainerNamedObjectPath [0x77A17B44+180]

at sun.reflect.NativeConstructorAccessorImpl.newInstance0(Native Method)
at sun.reflect.NativeConstructorAccessorImpl.newInstance(NativeConstructorAccessorImpl.java:62)
at sun.reflect.DelegatingConstructorAccessorImpl.newInstance(DelegatingConstructorAccessorImpl.java:45)
at java.lang.reflect.Constructor.newInstance(Constructor.java:423)
at org.openqa.selenium.remote.W3CHandshakeResponse.lambda$new$0(W3CHandshakeResponse.java:57)
at org.openqa.selenium.remote.W3CHandshakeResponse.lambda$getResponseFunction$2(W3CHandshakeResponse.java:104)
at org.openqa.selenium.remote.ProtocolHandshake.lambda$createSession$0(ProtocolHandshake.java:122)
at java.util.stream.ReferencePipeline$3$1.accept(ReferencePipeline.java:193)
at java.util.Spliterators$ArraySpliterator.tryAdvance(Spliterators.java:958)
at java.util.stream.ReferencePipeline.forEachWithCancel(ReferencePipeline.java:126)
at java.util.stream.AbstractPipeline.copyIntoWithCancel(AbstractPipeline.java:498)
at java.util.stream.AbstractPipeline.copyInto(AbstractPipeline.java:485)
at java.util.stream.AbstractPipeline.wrapAndCopyInto(AbstractPipeline.java:471)
at java.util.stream.FindOps$FindOp.evaluateSequential(FindOps.java:152)
at java.util.stream.AbstractPipeline.evaluate(AbstractPipeline.java:234)
at java.util.stream.ReferencePipeline.findFirst(ReferencePipeline.java:464)
at org.openqa.selenium.remote.ProtocolHandshake.createSession(ProtocolHandshake.java:125)
at org.openqa.selenium.remote.ProtocolHandshake.createSession(ProtocolHandshake.java:73)
at org.openqa.selenium.remote.HttpCommandExecutor.execute(HttpCommandExecutor.java:136)
at org.openqa.selenium.remote.service.DriverCommandExecutor.execute(DriverCommandExecutor.java:83)
at org.openqa.selenium.remote.RemoteWebDriver.execute(RemoteWebDriver.java:548)
at org.openqa.selenium.remote.RemoteWebDriver.startSession(RemoteWebDriver.java:212)
at org.openqa.selenium.remote.RemoteWebDriver.<init>(RemoteWebDriver.java:130)
at org.openqa.selenium.chrome.ChromeDriver.<init>(ChromeDriver.java:181)
at org.openqa.selenium.chrome.ChromeDriver.<init>(ChromeDriver.java:168)
at org.openqa.selenium.chrome.ChromeDriver.<init>(ChromeDriver.java:123)
at com.app.utilities.Driver.getDriver(Driver.java:21)
at com.app.utilities.TestBase.setUp(TestBase.java:16)
at sun.reflect.NativeMethodAccessorImpl.invoke0(Native Method)
at sun.reflect.NativeMethodAccessorImpl.invoke(NativeMethodAccessorImpl.java:62)
at sun.reflect.DelegatingMethodAccessorImpl.invoke(DelegatingMethodAccessorImpl.java:43)
at java.lang.reflect.Method.invoke(Method.java:498)
at org.testng.internal.MethodInvocationHelper.invokeMethod(MethodInvocationHelper.java:124)
at org.testng.internal.MethodInvocationHelper.invokeMethodConsideringTimeout(MethodInvocationHelper.java:59)
at org.testng.internal.Invoker.invokeConfigurationMethod(Invoker.java:455)
at org.testng.internal.Invoker.invokeConfigurations(Invoker.java:222)
at org.testng.internal.Invoker.invokeConfigurations(Invoker.java:142)
at org.testng.internal.TestMethodWorker.invokeBeforeClassMethods(TestMethodWorker.java:168)
at org.testng.internal.TestMethodWorker.run(TestMethodWorker.java:105)
at org.testng.TestRunner.privateRun(TestRunner.java:648)
at org.testng.TestRunner.run(TestRunner.java:505)
at org.testng.SuiteRunner.runTest(SuiteRunner.java:455)
at org.testng.SuiteRunner.runSequentially(SuiteRunner.java:450)
at org.testng.SuiteRunner.privateRun(SuiteRunner.java:415)
at org.testng.SuiteRunner.run(SuiteRunner.java:364)
at org.testng.SuiteRunnerWorker.runSuite(SuiteRunnerWorker.java:52)
at org.testng.SuiteRunnerWorker.run(SuiteRunnerWorker.java:84)
at org.testng.TestNG.runSuitesSequentially(TestNG.java:1208)
at org.testng.TestNG.runSuitesLocally(TestNG.java:1137)
at org.testng.TestNG.runSuites(TestNG.java:1049)
at org.testng.TestNG.run(TestNG.java:1017)
at org.testng.remote.AbstractRemoteTestNG.run(AbstractRemoteTestNG.java:115)
at org.testng.remote.RemoteTestNG.initAndRun(RemoteTestNG.java:251)
at org.testng.remote.RemoteTestNG.main(RemoteTestNG.java:77)
]]>
            </full-stacktrace>
          </exception> <!-- org.openqa.selenium.SessionNotCreatedException -->
          <reporter-output>
          </reporter-output>
        </test-method> <!-- test -->
        <test-method status="PASS" signature="tearDown()[pri:0, instance:com.app.tests.GitLinks@4501b7af]" name="tearDown" is-config="true" duration-ms="0" started-at="2019-09-29T19:47:47Z" finished-at="2019-09-29T19:47:47Z">
          <reporter-output>
          </reporter-output>
        </test-method> <!-- tearDown -->
      </class> <!-- com.app.tests.GitLinks -->
    </test> <!-- Smoke tests -->
  </suite> <!-- Presta shop smoke test -->
</testng-results>
